2021-12-08 20:25:43,547 Starting new HTTPS connection (1): newsapi.org:443
2021-12-08 20:25:43,713 https://newsapi.org:443 "GET /v2/top-headlines?q=Covid&language=en HTTP/1.1" 200 None
2021-12-08 20:25:43,724  * Debugger is active!
2021-12-08 20:25:43,733  * Debugger PIN: 959-589-117
2021-12-08 20:25:46,660 Starting new HTTPS connection (1): api.coronavirus.data.gov.uk:443
2021-12-08 20:25:46,775 https://api.coronavirus.data.gov.uk:443 "GET /v1/data?filters=areaType%3Dltla%3BareaName%3DExeter&structure=%7B%22newCasesBySpecimenDate%22%3A%22newCasesBySpecimenDate%22%7D&format=json&page=1 HTTP/1.1" 200 None
2021-12-08 20:25:46,801 Starting new HTTPS connection (1): api.coronavirus.data.gov.uk:443
2021-12-08 20:25:46,919 https://api.coronavirus.data.gov.uk:443 "GET /v1/data?filters=areaType%3Dltla%3BareaName%3DExeter&structure=%7B%22newCasesBySpecimenDate%22%3A%22newCasesBySpecimenDate%22%7D&format=json&page=2 HTTP/1.1" 204 0
2021-12-08 20:25:46,938 Starting new HTTPS connection (1): api.coronavirus.data.gov.uk:443
2021-12-08 20:25:47,029 https://api.coronavirus.data.gov.uk:443 "GET /v1/data?filters=areaType%3Dnation%3BareaName%3DEngland&structure=%7B%22newCasesBySpecimenDate%22%3A%22newCasesBySpecimenDate%22%2C%22cumDailyNsoDeathsByDeathDate%22%3A%22cumDailyNsoDeathsByDeathDate%22%2C%22hospitalCases%22%3A%22hospitalCases%22%7D&format=json&page=1 HTTP/1.1" 200 None
2021-12-08 20:25:47,042 Starting new HTTPS connection (1): api.coronavirus.data.gov.uk:443
2021-12-08 20:25:47,142 https://api.coronavirus.data.gov.uk:443 "GET /v1/data?filters=areaType%3Dnation%3BareaName%3DEngland&structure=%7B%22newCasesBySpecimenDate%22%3A%22newCasesBySpecimenDate%22%2C%22cumDailyNsoDeathsByDeathDate%22%3A%22cumDailyNsoDeathsByDeathDate%22%2C%22hospitalCases%22%3A%22hospitalCases%22%7D&format=json&page=2 HTTP/1.1" 204 0
2021-12-08 20:25:47,178 127.0.0.1 - - [08/Dec/2021 20:25:47] "GET /index HTTP/1.1" 200 -
2021-12-08 20:25:47,189 127.0.0.1 - - [08/Dec/2021 20:25:47] "[33mGET /static/images/ HTTP/1.1[0m" 404 -
2021-12-08 20:25:51,251 Starting new HTTPS connection (1): api.coronavirus.data.gov.uk:443
2021-12-08 20:25:51,364 https://api.coronavirus.data.gov.uk:443 "GET /v1/data?filters=areaType%3Dltla%3BareaName%3DExeter&structure=%7B%22newCasesBySpecimenDate%22%3A%22newCasesBySpecimenDate%22%7D&format=json&page=1 HTTP/1.1" 200 None
2021-12-08 20:25:51,381 Starting new HTTPS connection (1): api.coronavirus.data.gov.uk:443
2021-12-08 20:25:51,486 https://api.coronavirus.data.gov.uk:443 "GET /v1/data?filters=areaType%3Dltla%3BareaName%3DExeter&structure=%7B%22newCasesBySpecimenDate%22%3A%22newCasesBySpecimenDate%22%7D&format=json&page=2 HTTP/1.1" 204 0
2021-12-08 20:25:51,511 Starting new HTTPS connection (1): api.coronavirus.data.gov.uk:443
2021-12-08 20:25:51,516 Starting new HTTPS connection (1): api.coronavirus.data.gov.uk:443
2021-12-08 20:25:51,612 https://api.coronavirus.data.gov.uk:443 "GET /v1/data?filters=areaType%3Dnation%3BareaName%3DEngland&structure=%7B%22newCasesBySpecimenDate%22%3A%22newCasesBySpecimenDate%22%2C%22cumDailyNsoDeathsByDeathDate%22%3A%22cumDailyNsoDeathsByDeathDate%22%2C%22hospitalCases%22%3A%22hospitalCases%22%7D&format=json&page=1 HTTP/1.1" 200 None
2021-12-08 20:25:51,613 https://api.coronavirus.data.gov.uk:443 "GET /v1/data?filters=areaType%3Dltla%3BareaName%3DExeter&structure=%7B%22newCasesBySpecimenDate%22%3A%22newCasesBySpecimenDate%22%7D&format=json&page=1 HTTP/1.1" 200 None
2021-12-08 20:25:51,644 Starting new HTTPS connection (1): api.coronavirus.data.gov.uk:443
2021-12-08 20:25:51,645 Starting new HTTPS connection (1): api.coronavirus.data.gov.uk:443
2021-12-08 20:25:51,744 https://api.coronavirus.data.gov.uk:443 "GET /v1/data?filters=areaType%3Dnation%3BareaName%3DEngland&structure=%7B%22newCasesBySpecimenDate%22%3A%22newCasesBySpecimenDate%22%2C%22cumDailyNsoDeathsByDeathDate%22%3A%22cumDailyNsoDeathsByDeathDate%22%2C%22hospitalCases%22%3A%22hospitalCases%22%7D&format=json&page=2 HTTP/1.1" 204 0
2021-12-08 20:25:51,749 https://api.coronavirus.data.gov.uk:443 "GET /v1/data?filters=areaType%3Dltla%3BareaName%3DExeter&structure=%7B%22newCasesBySpecimenDate%22%3A%22newCasesBySpecimenDate%22%7D&format=json&page=2 HTTP/1.1" 204 0
2021-12-08 20:25:51,774 Starting new HTTPS connection (1): api.coronavirus.data.gov.uk:443
2021-12-08 20:25:51,806 Starting new HTTPS connection (1): api.coronavirus.data.gov.uk:443
2021-12-08 20:25:51,886 https://api.coronavirus.data.gov.uk:443 "GET /v1/data?filters=areaType%3Dnation%3BareaName%3DEngland&structure=%7B%22newCasesBySpecimenDate%22%3A%22newCasesBySpecimenDate%22%2C%22cumDailyNsoDeathsByDeathDate%22%3A%22cumDailyNsoDeathsByDeathDate%22%2C%22hospitalCases%22%3A%22hospitalCases%22%7D&format=json&page=1 HTTP/1.1" 200 None
2021-12-08 20:25:51,895 Starting new HTTPS connection (1): api.coronavirus.data.gov.uk:443
2021-12-08 20:25:51,902 https://api.coronavirus.data.gov.uk:443 "GET /v1/data?filters=areaType%3Dltla%3BareaName%3DExeter&structure=%7B%22newCasesBySpecimenDate%22%3A%22newCasesBySpecimenDate%22%7D&format=json&page=1 HTTP/1.1" 200 None
2021-12-08 20:25:51,911 Starting new HTTPS connection (1): api.coronavirus.data.gov.uk:443
2021-12-08 20:25:51,988 https://api.coronavirus.data.gov.uk:443 "GET /v1/data?filters=areaType%3Dnation%3BareaName%3DEngland&structure=%7B%22newCasesBySpecimenDate%22%3A%22newCasesBySpecimenDate%22%2C%22cumDailyNsoDeathsByDeathDate%22%3A%22cumDailyNsoDeathsByDeathDate%22%2C%22hospitalCases%22%3A%22hospitalCases%22%7D&format=json&page=2 HTTP/1.1" 204 0
2021-12-08 20:25:52,002 https://api.coronavirus.data.gov.uk:443 "GET /v1/data?filters=areaType%3Dltla%3BareaName%3DExeter&structure=%7B%22newCasesBySpecimenDate%22%3A%22newCasesBySpecimenDate%22%7D&format=json&page=2 HTTP/1.1" 204 0
2021-12-08 20:25:52,015 Starting new HTTPS connection (1): api.coronavirus.data.gov.uk:443
2021-12-08 20:25:52,017 Starting new HTTPS connection (1): api.coronavirus.data.gov.uk:443
2021-12-08 20:25:52,107 https://api.coronavirus.data.gov.uk:443 "GET /v1/data?filters=areaType%3Dltla%3BareaName%3DExeter&structure=%7B%22newCasesBySpecimenDate%22%3A%22newCasesBySpecimenDate%22%7D&format=json&page=1 HTTP/1.1" 200 None
2021-12-08 20:25:52,113 https://api.coronavirus.data.gov.uk:443 "GET /v1/data?filters=areaType%3Dnation%3BareaName%3DEngland&structure=%7B%22newCasesBySpecimenDate%22%3A%22newCasesBySpecimenDate%22%2C%22cumDailyNsoDeathsByDeathDate%22%3A%22cumDailyNsoDeathsByDeathDate%22%2C%22hospitalCases%22%3A%22hospitalCases%22%7D&format=json&page=1 HTTP/1.1" 200 None
2021-12-08 20:25:52,127 Starting new HTTPS connection (1): api.coronavirus.data.gov.uk:443
2021-12-08 20:25:52,129 Starting new HTTPS connection (1): api.coronavirus.data.gov.uk:443
2021-12-08 20:25:52,223 https://api.coronavirus.data.gov.uk:443 "GET /v1/data?filters=areaType%3Dnation%3BareaName%3DEngland&structure=%7B%22newCasesBySpecimenDate%22%3A%22newCasesBySpecimenDate%22%2C%22cumDailyNsoDeathsByDeathDate%22%3A%22cumDailyNsoDeathsByDeathDate%22%2C%22hospitalCases%22%3A%22hospitalCases%22%7D&format=json&page=2 HTTP/1.1" 204 0
2021-12-08 20:25:52,231 https://api.coronavirus.data.gov.uk:443 "GET /v1/data?filters=areaType%3Dltla%3BareaName%3DExeter&structure=%7B%22newCasesBySpecimenDate%22%3A%22newCasesBySpecimenDate%22%7D&format=json&page=2 HTTP/1.1" 204 0
2021-12-08 20:25:52,249 Starting new HTTPS connection (1): api.coronavirus.data.gov.uk:443
2021-12-08 20:25:52,250 Starting new HTTPS connection (1): api.coronavirus.data.gov.uk:443
2021-12-08 20:25:52,345 https://api.coronavirus.data.gov.uk:443 "GET /v1/data?filters=areaType%3Dnation%3BareaName%3DEngland&structure=%7B%22newCasesBySpecimenDate%22%3A%22newCasesBySpecimenDate%22%2C%22cumDailyNsoDeathsByDeathDate%22%3A%22cumDailyNsoDeathsByDeathDate%22%2C%22hospitalCases%22%3A%22hospitalCases%22%7D&format=json&page=1 HTTP/1.1" 200 None
2021-12-08 20:25:52,348 https://api.coronavirus.data.gov.uk:443 "GET /v1/data?filters=areaType%3Dltla%3BareaName%3DExeter&structure=%7B%22newCasesBySpecimenDate%22%3A%22newCasesBySpecimenDate%22%7D&format=json&page=1 HTTP/1.1" 200 None
2021-12-08 20:25:52,367 Starting new HTTPS connection (1): api.coronavirus.data.gov.uk:443
2021-12-08 20:25:52,367 Starting new HTTPS connection (1): api.coronavirus.data.gov.uk:443
2021-12-08 20:25:52,477 https://api.coronavirus.data.gov.uk:443 "GET /v1/data?filters=areaType%3Dltla%3BareaName%3DExeter&structure=%7B%22newCasesBySpecimenDate%22%3A%22newCasesBySpecimenDate%22%7D&format=json&page=2 HTTP/1.1" 204 0
2021-12-08 20:25:52,478 https://api.coronavirus.data.gov.uk:443 "GET /v1/data?filters=areaType%3Dnation%3BareaName%3DEngland&structure=%7B%22newCasesBySpecimenDate%22%3A%22newCasesBySpecimenDate%22%2C%22cumDailyNsoDeathsByDeathDate%22%3A%22cumDailyNsoDeathsByDeathDate%22%2C%22hospitalCases%22%3A%22hospitalCases%22%7D&format=json&page=2 HTTP/1.1" 204 0
2021-12-08 20:25:52,514 Starting new HTTPS connection (1): api.coronavirus.data.gov.uk:443
2021-12-08 20:25:52,515 Starting new HTTPS connection (1): api.coronavirus.data.gov.uk:443
2021-12-08 20:25:52,609 https://api.coronavirus.data.gov.uk:443 "GET /v1/data?filters=areaType%3Dltla%3BareaName%3DExeter&structure=%7B%22newCasesBySpecimenDate%22%3A%22newCasesBySpecimenDate%22%7D&format=json&page=1 HTTP/1.1" 200 None
2021-12-08 20:25:52,614 https://api.coronavirus.data.gov.uk:443 "GET /v1/data?filters=areaType%3Dnation%3BareaName%3DEngland&structure=%7B%22newCasesBySpecimenDate%22%3A%22newCasesBySpecimenDate%22%2C%22cumDailyNsoDeathsByDeathDate%22%3A%22cumDailyNsoDeathsByDeathDate%22%2C%22hospitalCases%22%3A%22hospitalCases%22%7D&format=json&page=1 HTTP/1.1" 200 None
2021-12-08 20:25:52,639 Starting new HTTPS connection (1): api.coronavirus.data.gov.uk:443
2021-12-08 20:25:52,641 Starting new HTTPS connection (1): api.coronavirus.data.gov.uk:443
2021-12-08 20:25:52,740 https://api.coronavirus.data.gov.uk:443 "GET /v1/data?filters=areaType%3Dltla%3BareaName%3DExeter&structure=%7B%22newCasesBySpecimenDate%22%3A%22newCasesBySpecimenDate%22%7D&format=json&page=2 HTTP/1.1" 204 0
2021-12-08 20:25:52,746 https://api.coronavirus.data.gov.uk:443 "GET /v1/data?filters=areaType%3Dnation%3BareaName%3DEngland&structure=%7B%22newCasesBySpecimenDate%22%3A%22newCasesBySpecimenDate%22%2C%22cumDailyNsoDeathsByDeathDate%22%3A%22cumDailyNsoDeathsByDeathDate%22%2C%22hospitalCases%22%3A%22hospitalCases%22%7D&format=json&page=2 HTTP/1.1" 204 0
2021-12-08 20:25:52,765 Starting new HTTPS connection (1): api.coronavirus.data.gov.uk:443
2021-12-08 20:25:52,775 Starting new HTTPS connection (1): api.coronavirus.data.gov.uk:443
2021-12-08 20:25:52,870 https://api.coronavirus.data.gov.uk:443 "GET /v1/data?filters=areaType%3Dnation%3BareaName%3DEngland&structure=%7B%22newCasesBySpecimenDate%22%3A%22newCasesBySpecimenDate%22%2C%22cumDailyNsoDeathsByDeathDate%22%3A%22cumDailyNsoDeathsByDeathDate%22%2C%22hospitalCases%22%3A%22hospitalCases%22%7D&format=json&page=1 HTTP/1.1" 200 None
2021-12-08 20:25:52,872 https://api.coronavirus.data.gov.uk:443 "GET /v1/data?filters=areaType%3Dltla%3BareaName%3DExeter&structure=%7B%22newCasesBySpecimenDate%22%3A%22newCasesBySpecimenDate%22%7D&format=json&page=1 HTTP/1.1" 200 None
2021-12-08 20:25:52,894 Starting new HTTPS connection (1): api.coronavirus.data.gov.uk:443
2021-12-08 20:25:52,895 Starting new HTTPS connection (1): api.coronavirus.data.gov.uk:443
2021-12-08 20:25:52,996 https://api.coronavirus.data.gov.uk:443 "GET /v1/data?filters=areaType%3Dnation%3BareaName%3DEngland&structure=%7B%22newCasesBySpecimenDate%22%3A%22newCasesBySpecimenDate%22%2C%22cumDailyNsoDeathsByDeathDate%22%3A%22cumDailyNsoDeathsByDeathDate%22%2C%22hospitalCases%22%3A%22hospitalCases%22%7D&format=json&page=2 HTTP/1.1" 204 0
2021-12-08 20:25:52,997 https://api.coronavirus.data.gov.uk:443 "GET /v1/data?filters=areaType%3Dltla%3BareaName%3DExeter&structure=%7B%22newCasesBySpecimenDate%22%3A%22newCasesBySpecimenDate%22%7D&format=json&page=2 HTTP/1.1" 204 0
2021-12-08 20:25:53,025 Starting new HTTPS connection (1): api.coronavirus.data.gov.uk:443
2021-12-08 20:25:53,032 Starting new HTTPS connection (1): api.coronavirus.data.gov.uk:443
2021-12-08 20:25:53,127 https://api.coronavirus.data.gov.uk:443 "GET /v1/data?filters=areaType%3Dnation%3BareaName%3DEngland&structure=%7B%22newCasesBySpecimenDate%22%3A%22newCasesBySpecimenDate%22%2C%22cumDailyNsoDeathsByDeathDate%22%3A%22cumDailyNsoDeathsByDeathDate%22%2C%22hospitalCases%22%3A%22hospitalCases%22%7D&format=json&page=1 HTTP/1.1" 200 None
2021-12-08 20:25:53,130 https://api.coronavirus.data.gov.uk:443 "GET /v1/data?filters=areaType%3Dltla%3BareaName%3DExeter&structure=%7B%22newCasesBySpecimenDate%22%3A%22newCasesBySpecimenDate%22%7D&format=json&page=1 HTTP/1.1" 200 None
2021-12-08 20:25:53,157 Starting new HTTPS connection (1): api.coronavirus.data.gov.uk:443
2021-12-08 20:25:53,158 Starting new HTTPS connection (1): api.coronavirus.data.gov.uk:443
2021-12-08 20:25:53,257 https://api.coronavirus.data.gov.uk:443 "GET /v1/data?filters=areaType%3Dltla%3BareaName%3DExeter&structure=%7B%22newCasesBySpecimenDate%22%3A%22newCasesBySpecimenDate%22%7D&format=json&page=2 HTTP/1.1" 204 0
2021-12-08 20:25:53,265 https://api.coronavirus.data.gov.uk:443 "GET /v1/data?filters=areaType%3Dnation%3BareaName%3DEngland&structure=%7B%22newCasesBySpecimenDate%22%3A%22newCasesBySpecimenDate%22%2C%22cumDailyNsoDeathsByDeathDate%22%3A%22cumDailyNsoDeathsByDeathDate%22%2C%22hospitalCases%22%3A%22hospitalCases%22%7D&format=json&page=2 HTTP/1.1" 204 0
2021-12-08 20:25:53,271 Starting new HTTPS connection (1): api.coronavirus.data.gov.uk:443
2021-12-08 20:25:53,281 Starting new HTTPS connection (1): newsapi.org:443
2021-12-08 20:25:53,375 https://api.coronavirus.data.gov.uk:443 "GET /v1/data?filters=areaType%3Dnation%3BareaName%3DEngland&structure=%7B%22newCasesBySpecimenDate%22%3A%22newCasesBySpecimenDate%22%2C%22cumDailyNsoDeathsByDeathDate%22%3A%22cumDailyNsoDeathsByDeathDate%22%2C%22hospitalCases%22%3A%22hospitalCases%22%7D&format=json&page=1 HTTP/1.1" 200 None
2021-12-08 20:25:53,389 Starting new HTTPS connection (1): api.coronavirus.data.gov.uk:443
2021-12-08 20:25:53,499 https://api.coronavirus.data.gov.uk:443 "GET /v1/data?filters=areaType%3Dnation%3BareaName%3DEngland&structure=%7B%22newCasesBySpecimenDate%22%3A%22newCasesBySpecimenDate%22%2C%22cumDailyNsoDeathsByDeathDate%22%3A%22cumDailyNsoDeathsByDeathDate%22%2C%22hospitalCases%22%3A%22hospitalCases%22%7D&format=json&page=2 HTTP/1.1" 204 0
2021-12-08 20:25:53,529 Starting new HTTPS connection (1): newsapi.org:443
2021-12-08 20:25:53,771 https://newsapi.org:443 "GET /v2/top-headlines?q=Covid&language=en HTTP/1.1" 200 None
2021-12-08 20:25:53,788 127.0.0.1 - - [08/Dec/2021 20:25:53] "GET /index?update=12%3A12&two=dsadas&repeat=repeat&covid-data=covid-data&news=news HTTP/1.1" 200 -
2021-12-08 20:25:54,035 https://newsapi.org:443 "GET /v2/top-headlines?q=Covid&language=en HTTP/1.1" 200 None
2021-12-08 20:25:54,051 127.0.0.1 - - [08/Dec/2021 20:25:54] "GET /index?update=12%3A12&two=dsadas&repeat=repeat&covid-data=covid-data&news=news HTTP/1.1" 200 -
2021-12-08 20:25:54,076 127.0.0.1 - - [08/Dec/2021 20:25:54] "[33mGET /static/images/ HTTP/1.1[0m" 404 -
2021-12-08 20:25:55,567 Starting new HTTPS connection (1): api.coronavirus.data.gov.uk:443
2021-12-08 20:25:55,687 https://api.coronavirus.data.gov.uk:443 "GET /v1/data?filters=areaType%3Dltla%3BareaName%3DExeter&structure=%7B%22newCasesBySpecimenDate%22%3A%22newCasesBySpecimenDate%22%7D&format=json&page=1 HTTP/1.1" 200 None
2021-12-08 20:25:55,713 Starting new HTTPS connection (1): api.coronavirus.data.gov.uk:443
2021-12-08 20:25:55,827 https://api.coronavirus.data.gov.uk:443 "GET /v1/data?filters=areaType%3Dltla%3BareaName%3DExeter&structure=%7B%22newCasesBySpecimenDate%22%3A%22newCasesBySpecimenDate%22%7D&format=json&page=2 HTTP/1.1" 204 0
2021-12-08 20:25:55,857 Starting new HTTPS connection (1): api.coronavirus.data.gov.uk:443
2021-12-08 20:25:55,963 https://api.coronavirus.data.gov.uk:443 "GET /v1/data?filters=areaType%3Dnation%3BareaName%3DEngland&structure=%7B%22newCasesBySpecimenDate%22%3A%22newCasesBySpecimenDate%22%2C%22cumDailyNsoDeathsByDeathDate%22%3A%22cumDailyNsoDeathsByDeathDate%22%2C%22hospitalCases%22%3A%22hospitalCases%22%7D&format=json&page=1 HTTP/1.1" 200 None
2021-12-08 20:25:55,994 Starting new HTTPS connection (1): api.coronavirus.data.gov.uk:443
2021-12-08 20:25:56,107 https://api.coronavirus.data.gov.uk:443 "GET /v1/data?filters=areaType%3Dnation%3BareaName%3DEngland&structure=%7B%22newCasesBySpecimenDate%22%3A%22newCasesBySpecimenDate%22%2C%22cumDailyNsoDeathsByDeathDate%22%3A%22cumDailyNsoDeathsByDeathDate%22%2C%22hospitalCases%22%3A%22hospitalCases%22%7D&format=json&page=2 HTTP/1.1" 204 0
2021-12-08 20:25:56,123 127.0.0.1 - - [08/Dec/2021 20:25:56] "GET /index?update_item=dsadas HTTP/1.1" 200 -
2021-12-08 20:25:56,145 127.0.0.1 - - [08/Dec/2021 20:25:56] "[33mGET /static/images/ HTTP/1.1[0m" 404 -
2021-12-08 20:25:56,953 Starting new HTTPS connection (1): api.coronavirus.data.gov.uk:443
2021-12-08 20:25:57,067 https://api.coronavirus.data.gov.uk:443 "GET /v1/data?filters=areaType%3Dltla%3BareaName%3DExeter&structure=%7B%22newCasesBySpecimenDate%22%3A%22newCasesBySpecimenDate%22%7D&format=json&page=1 HTTP/1.1" 200 None
2021-12-08 20:25:57,095 Starting new HTTPS connection (1): api.coronavirus.data.gov.uk:443
2021-12-08 20:25:57,207 https://api.coronavirus.data.gov.uk:443 "GET /v1/data?filters=areaType%3Dltla%3BareaName%3DExeter&structure=%7B%22newCasesBySpecimenDate%22%3A%22newCasesBySpecimenDate%22%7D&format=json&page=2 HTTP/1.1" 204 0
2021-12-08 20:25:57,236 Starting new HTTPS connection (1): api.coronavirus.data.gov.uk:443
2021-12-08 20:25:57,341 https://api.coronavirus.data.gov.uk:443 "GET /v1/data?filters=areaType%3Dnation%3BareaName%3DEngland&structure=%7B%22newCasesBySpecimenDate%22%3A%22newCasesBySpecimenDate%22%2C%22cumDailyNsoDeathsByDeathDate%22%3A%22cumDailyNsoDeathsByDeathDate%22%2C%22hospitalCases%22%3A%22hospitalCases%22%7D&format=json&page=1 HTTP/1.1" 200 None
2021-12-08 20:25:57,363 Starting new HTTPS connection (1): api.coronavirus.data.gov.uk:443
2021-12-08 20:25:57,468 https://api.coronavirus.data.gov.uk:443 "GET /v1/data?filters=areaType%3Dnation%3BareaName%3DEngland&structure=%7B%22newCasesBySpecimenDate%22%3A%22newCasesBySpecimenDate%22%2C%22cumDailyNsoDeathsByDeathDate%22%3A%22cumDailyNsoDeathsByDeathDate%22%2C%22hospitalCases%22%3A%22hospitalCases%22%7D&format=json&page=2 HTTP/1.1" 204 0
2021-12-08 20:25:57,474 127.0.0.1 - - [08/Dec/2021 20:25:57] "GET /index?update_item=dsadas HTTP/1.1" 200 -
2021-12-08 20:25:57,482 127.0.0.1 - - [08/Dec/2021 20:25:57] "[33mGET /static/images/ HTTP/1.1[0m" 404 -
2021-12-08 20:26:57,551 Starting new HTTPS connection (1): api.coronavirus.data.gov.uk:443
2021-12-08 20:26:57,689 https://api.coronavirus.data.gov.uk:443 "GET /v1/data?filters=areaType%3Dltla%3BareaName%3DExeter&structure=%7B%22newCasesBySpecimenDate%22%3A%22newCasesBySpecimenDate%22%7D&format=json&page=1 HTTP/1.1" 200 None
2021-12-08 20:26:57,733 Starting new HTTPS connection (1): api.coronavirus.data.gov.uk:443
2021-12-08 20:26:57,999 https://api.coronavirus.data.gov.uk:443 "GET /v1/data?filters=areaType%3Dltla%3BareaName%3DExeter&structure=%7B%22newCasesBySpecimenDate%22%3A%22newCasesBySpecimenDate%22%7D&format=json&page=2 HTTP/1.1" 204 0
2021-12-08 20:26:58,020 Starting new HTTPS connection (1): api.coronavirus.data.gov.uk:443
2021-12-08 20:26:58,168 https://api.coronavirus.data.gov.uk:443 "GET /v1/data?filters=areaType%3Dnation%3BareaName%3DEngland&structure=%7B%22newCasesBySpecimenDate%22%3A%22newCasesBySpecimenDate%22%2C%22cumDailyNsoDeathsByDeathDate%22%3A%22cumDailyNsoDeathsByDeathDate%22%2C%22hospitalCases%22%3A%22hospitalCases%22%7D&format=json&page=1 HTTP/1.1" 200 None
2021-12-08 20:26:58,196 Starting new HTTPS connection (1): api.coronavirus.data.gov.uk:443
2021-12-08 20:26:58,495 https://api.coronavirus.data.gov.uk:443 "GET /v1/data?filters=areaType%3Dnation%3BareaName%3DEngland&structure=%7B%22newCasesBySpecimenDate%22%3A%22newCasesBySpecimenDate%22%2C%22cumDailyNsoDeathsByDeathDate%22%3A%22cumDailyNsoDeathsByDeathDate%22%2C%22hospitalCases%22%3A%22hospitalCases%22%7D&format=json&page=2 HTTP/1.1" 204 0
2021-12-08 20:26:58,509 127.0.0.1 - - [08/Dec/2021 20:26:58] "GET /index HTTP/1.1" 200 -
2021-12-08 20:26:58,514 127.0.0.1 - - [08/Dec/2021 20:26:58] "[33mGET /static/images/ HTTP/1.1[0m" 404 -
2021-12-08 20:27:58,693 Starting new HTTPS connection (1): api.coronavirus.data.gov.uk:443
2021-12-08 20:27:58,801 https://api.coronavirus.data.gov.uk:443 "GET /v1/data?filters=areaType%3Dltla%3BareaName%3DExeter&structure=%7B%22newCasesBySpecimenDate%22%3A%22newCasesBySpecimenDate%22%7D&format=json&page=1 HTTP/1.1" 200 None
2021-12-08 20:27:58,826 Starting new HTTPS connection (1): api.coronavirus.data.gov.uk:443
2021-12-08 20:27:58,939 https://api.coronavirus.data.gov.uk:443 "GET /v1/data?filters=areaType%3Dltla%3BareaName%3DExeter&structure=%7B%22newCasesBySpecimenDate%22%3A%22newCasesBySpecimenDate%22%7D&format=json&page=2 HTTP/1.1" 204 0
2021-12-08 20:27:58,966 Starting new HTTPS connection (1): api.coronavirus.data.gov.uk:443
2021-12-08 20:27:59,079 https://api.coronavirus.data.gov.uk:443 "GET /v1/data?filters=areaType%3Dnation%3BareaName%3DEngland&structure=%7B%22newCasesBySpecimenDate%22%3A%22newCasesBySpecimenDate%22%2C%22cumDailyNsoDeathsByDeathDate%22%3A%22cumDailyNsoDeathsByDeathDate%22%2C%22hospitalCases%22%3A%22hospitalCases%22%7D&format=json&page=1 HTTP/1.1" 200 None
2021-12-08 20:27:59,090 Starting new HTTPS connection (1): api.coronavirus.data.gov.uk:443
2021-12-08 20:27:59,193 https://api.coronavirus.data.gov.uk:443 "GET /v1/data?filters=areaType%3Dnation%3BareaName%3DEngland&structure=%7B%22newCasesBySpecimenDate%22%3A%22newCasesBySpecimenDate%22%2C%22cumDailyNsoDeathsByDeathDate%22%3A%22cumDailyNsoDeathsByDeathDate%22%2C%22hospitalCases%22%3A%22hospitalCases%22%7D&format=json&page=2 HTTP/1.1" 204 0
2021-12-08 20:27:59,202 127.0.0.1 - - [08/Dec/2021 20:27:59] "GET /index HTTP/1.1" 200 -
2021-12-08 20:27:59,215 127.0.0.1 - - [08/Dec/2021 20:27:59] "[33mGET /static/images/ HTTP/1.1[0m" 404 -
2021-12-08 20:27:59,676 127.0.0.1 - - [08/Dec/2021 20:27:59] "[33mGET /static/images/ HTTP/1.1[0m" 404 -
